2017-01-06 23:31:41  [ main:0 ] - [ DEBUG ]  SpringJUnit4ClassRunner constructor called with [class com.alex.service.UserServiceTest].
  2017-01-06 23:31:41  [ main:78 ] - [ DEBUG ]  Delegating to GenericXmlContextLoader to process context configuration [ContextConfigurationAttributes@306279ee declaringClass = 'com.alex.baseTest.SpringTestCase', locations = '{classpath:application.xml}', classes = '{}', inheritLocations = true, initializers = '{}', inheritInitializers = true, name = [null], contextLoaderClass = 'org.springframework.test.context.ContextLoader'].
  2017-01-06 23:31:41  [ main:83 ] - [ DEBUG ]  Could not find an 'annotation declaring class' for annotation type [org.springframework.test.context.ActiveProfiles] and class [com.alex.service.UserServiceTest]
  2017-01-06 23:31:41  [ main:98 ] - [ INFO ]  Could not instantiate TestExecutionListener class [org.springframework.test.context.web.ServletTestExecutionListener]. Specify custom listener classes or make the default listener classes (and their dependencies) available.
  2017-01-06 23:31:41  [ main:105 ] - [ DEBUG ]  Retrieved @ProfileValueSourceConfiguration [null] for test class [com.alex.service.UserServiceTest]
  2017-01-06 23:31:41  [ main:105 ] - [ DEBUG ]  Retrieved ProfileValueSource type [class org.springframework.test.annotation.SystemProfileValueSource] for class [com.alex.service.UserServiceTest]
  2017-01-06 23:31:41  [ main:108 ] - [ DEBUG ]  Retrieved @ProfileValueSourceConfiguration [null] for test class [com.alex.service.UserServiceTest]
  2017-01-06 23:31:41  [ main:109 ] - [ DEBUG ]  Retrieved ProfileValueSource type [class org.springframework.test.annotation.SystemProfileValueSource] for class [com.alex.service.UserServiceTest]
  2017-01-06 23:31:41  [ main:121 ] - [ DEBUG ]  Retrieved @ProfileValueSourceConfiguration [null] for test class [com.alex.service.UserServiceTest]
  2017-01-06 23:31:41  [ main:121 ] - [ DEBUG ]  Retrieved ProfileValueSource type [class org.springframework.test.annotation.SystemProfileValueSource] for class [com.alex.service.UserServiceTest]
  2017-01-06 23:31:41  [ main:123 ] - [ DEBUG ]  Retrieved @ProfileValueSourceConfiguration [null] for test class [com.alex.service.UserServiceTest]
  2017-01-06 23:31:41  [ main:124 ] - [ DEBUG ]  Retrieved ProfileValueSource type [class org.springframework.test.annotation.SystemProfileValueSource] for class [com.alex.service.UserServiceTest]
  2017-01-06 23:31:41  [ main:125 ] - [ DEBUG ]  Retrieved @ProfileValueSourceConfiguration [null] for test class [com.alex.service.UserServiceTest]
  2017-01-06 23:31:41  [ main:125 ] - [ DEBUG ]  Retrieved ProfileValueSource type [class org.springframework.test.annotation.SystemProfileValueSource] for class [com.alex.service.UserServiceTest]
  2017-01-06 23:31:41  [ main:128 ] - [ DEBUG ]  Retrieved @ProfileValueSourceConfiguration [null] for test class [com.alex.service.UserServiceTest]
  2017-01-06 23:31:41  [ main:129 ] - [ DEBUG ]  Retrieved ProfileValueSource type [class org.springframework.test.annotation.SystemProfileValueSource] for class [com.alex.service.UserServiceTest]
  2017-01-06 23:31:41  [ main:146 ] - [ DEBUG ]  Performing dependency injection for test context [[TestContext@5cdd8682 testClass = UserServiceTest, testInstance = com.alex.service.UserServiceTest@d6da883, testMethod = [null], testException = [null], mergedContextConfiguration = [MergedContextConfiguration@45afc369 testClass = UserServiceTest, locations = '{classpath:application.xml}', classes = '{}', contextInitializerClasses = '[]', activeProfiles = '{}', contextLoader = 'org.springframework.test.context.support.DelegatingSmartContextLoader', parent = [null]]]].
  2017-01-06 23:31:41  [ main:147 ] - [ DEBUG ]  Delegating to GenericXmlContextLoader to load context from [MergedContextConfiguration@45afc369 testClass = UserServiceTest, locations = '{classpath:application.xml}', classes = '{}', contextInitializerClasses = '[]', activeProfiles = '{}', contextLoader = 'org.springframework.test.context.support.DelegatingSmartContextLoader', parent = [null]].
  2017-01-06 23:31:41  [ main:148 ] - [ DEBUG ]  Loading ApplicationContext for merged context configuration [[MergedContextConfiguration@45afc369 testClass = UserServiceTest, locations = '{classpath:application.xml}', classes = '{}', contextInitializerClasses = '[]', activeProfiles = '{}', contextLoader = 'org.springframework.test.context.support.DelegatingSmartContextLoader', parent = [null]]].
  2017-01-06 23:31:41  [ main:343 ] - [ DEBUG ]  Adding [systemProperties] PropertySource with lowest search precedence
  2017-01-06 23:31:41  [ main:345 ] - [ DEBUG ]  Adding [systemEnvironment] PropertySource with lowest search precedence
  2017-01-06 23:31:41  [ main:345 ] - [ DEBUG ]  Initialized StandardEnvironment with PropertySources [systemProperties,systemEnvironment]
  2017-01-06 23:31:41  [ main:373 ] - [ INFO ]  Loading XML bean definitions from class path resource [application.xml]
  2017-01-06 23:31:41  [ main:410 ] - [ DEBUG ]  Using JAXP provider [com.sun.org.apache.xerces.internal.jaxp.DocumentBuilderFactoryImpl]
  2017-01-06 23:31:41  [ main:488 ] - [ DEBUG ]  Loading schema mappings from [META-INF/spring.schemas]
  2017-01-06 23:31:41  [ main:501 ] - [ DEBUG ]  Loaded schema mappings: {http://mybatis.org/schema/mybatis-spring-1.2.xsd=org/mybatis/spring/config/mybatis-spring-1.2.xsd, http://www.springframework.org/schema/util/spring-util.xsd=org/springframework/beans/factory/xml/spring-util-3.2.xsd, http://www.springframework.org/schema/jee/spring-jee-3.2.xsd=org/springframework/ejb/config/spring-jee-3.2.xsd, http://www.springframework.org/schema/mvc/spring-mvc-3.1.xsd=org/springframework/web/servlet/config/spring-mvc-3.1.xsd, http://www.springframework.org/schema/task/spring-task.xsd=org/springframework/scheduling/config/spring-task-3.2.xsd, http://www.springframework.org/schema/beans/spring-beans-3.1.xsd=org/springframework/beans/factory/xml/spring-beans-3.1.xsd, http://www.springframework.org/schema/cache/spring-cache.xsd=org/springframework/cache/config/spring-cache-3.2.xsd, http://www.springframework.org/schema/aop/spring-aop-3.0.xsd=org/springframework/aop/config/spring-aop-3.0.xsd, http://www.springframework.org/schema/aop/spring-aop-2.0.xsd=org/springframework/aop/config/spring-aop-2.0.xsd, http://www.springframework.org/schema/task/spring-task-3.1.xsd=org/springframework/scheduling/config/spring-task-3.1.xsd, http://www.springframework.org/schema/tool/spring-tool-2.5.xsd=org/springframework/beans/factory/xml/spring-tool-2.5.xsd, http://www.springframework.org/schema/beans/spring-beans.xsd=org/springframework/beans/factory/xml/spring-beans-3.2.xsd, http://www.springframework.org/schema/jee/spring-jee-2.5.xsd=org/springframework/ejb/config/spring-jee-2.5.xsd, http://www.springframework.org/schema/jdbc/spring-jdbc-3.1.xsd=org/springframework/jdbc/config/spring-jdbc-3.1.xsd, http://www.springframework.org/schema/tool/spring-tool-3.1.xsd=org/springframework/beans/factory/xml/spring-tool-3.1.xsd, http://www.springframework.org/schema/aop/spring-aop.xsd=org/springframework/aop/config/spring-aop-3.2.xsd, http://www.springframework.org/schema/jee/spring-jee-3.1.xsd=org/springframework/ejb/config/spring-jee-3.1.xsd, http://www.springframework.org/schema/tx/spring-tx-3.2.xsd=org/springframework/transaction/config/spring-tx-3.2.xsd, http://www.springframework.org/schema/context/spring-context-3.2.xsd=org/springframework/context/config/spring-context-3.2.xsd, http://www.springframework.org/schema/beans/spring-beans-2.0.xsd=org/springframework/beans/factory/xml/spring-beans-2.0.xsd, http://www.springframework.org/schema/util/spring-util-3.2.xsd=org/springframework/beans/factory/xml/spring-util-3.2.xsd, http://www.springframework.org/schema/lang/spring-lang-3.2.xsd=org/springframework/scripting/config/spring-lang-3.2.xsd, http://www.springframework.org/schema/mvc/spring-mvc-3.0.xsd=org/springframework/web/servlet/config/spring-mvc-3.0.xsd, http://www.springframework.org/schema/beans/spring-beans-3.0.xsd=org/springframework/beans/factory/xml/spring-beans-3.0.xsd, http://www.springframework.org/schema/cache/spring-cache-3.2.xsd=org/springframework/cache/config/spring-cache-3.2.xsd, http://www.springframework.org/schema/task/spring-task-3.0.xsd=org/springframework/scheduling/config/spring-task-3.0.xsd, http://mybatis.org/schema/mybatis-spring.xsd=org/mybatis/spring/config/mybatis-spring-1.2.xsd, http://www.springframework.org/schema/tx/spring-tx-2.5.xsd=org/springframework/transaction/config/spring-tx-2.5.xsd, http://www.springframework.org/schema/context/spring-context-2.5.xsd=org/springframework/context/config/spring-context-2.5.xsd, http://www.springframework.org/schema/jdbc/spring-jdbc-3.0.xsd=org/springframework/jdbc/config/spring-jdbc-3.0.xsd, http://www.springframework.org/schema/tool/spring-tool-3.0.xsd=org/springframework/beans/factory/xml/spring-tool-3.0.xsd, http://www.springframework.org/schema/tx/spring-tx.xsd=org/springframework/transaction/config/spring-tx-3.2.xsd, http://www.springframework.org/schema/lang/spring-lang.xsd=org/springframework/scripting/config/spring-lang-3.2.xsd, http://www.springframework.org/schema/tool/spring-tool-2.0.xsd=org/springframework/beans/factory/xml/spring-tool-2.0.xsd, http://www.springframework.org/schema/util/spring-util-2.5.xsd=org/springframework/beans/factory/xml/spring-util-2.5.xsd, http://www.springframework.org/schema/lang/spring-lang-2.5.xsd=org/springframework/scripting/config/spring-lang-2.5.xsd, http://www.springframework.org/schema/aop/spring-aop-3.2.xsd=org/springframework/aop/config/spring-aop-3.2.xsd, http://www.springframework.org/schema/jee/spring-jee-3.0.xsd=org/springframework/ejb/config/spring-jee-3.0.xsd, http://www.springframework.org/schema/tx/spring-tx-3.1.xsd=org/springframework/transaction/config/spring-tx-3.1.xsd, http://www.springframework.org/schema/jee/spring-jee-2.0.xsd=org/springframework/ejb/config/spring-jee-2.0.xsd, http://www.springframework.org/schema/context/spring-context-3.1.xsd=org/springframework/context/config/spring-context-3.1.xsd, http://www.springframework.org/schema/util/spring-util-3.1.xsd=org/springframework/beans/factory/xml/spring-util-3.1.xsd, http://www.springframework.org/schema/lang/spring-lang-3.1.xsd=org/springframework/scripting/config/spring-lang-3.1.xsd, http://www.springframework.org/schema/cache/spring-cache-3.1.xsd=org/springframework/cache/config/spring-cache-3.1.xsd, http://www.springframework.org/schema/context/spring-context.xsd=org/springframework/context/config/spring-context-3.2.xsd, http://www.springframework.org/schema/jee/spring-jee.xsd=org/springframework/ejb/config/spring-jee-3.2.xsd, http://www.springframework.org/schema/aop/spring-aop-2.5.xsd=org/springframework/aop/config/spring-aop-2.5.xsd, http://www.springframework.org/schema/mvc/spring-mvc.xsd=org/springframework/web/servlet/config/spring-mvc-3.2.xsd, http://www.springframework.org/schema/jdbc/spring-jdbc.xsd=org/springframework/jdbc/config/spring-jdbc-3.2.xsd, http://www.springframework.org/schema/mvc/spring-mvc-3.2.xsd=org/springframework/web/servlet/config/spring-mvc-3.2.xsd, http://www.springframework.org/schema/beans/spring-beans-3.2.xsd=org/springframework/beans/factory/xml/spring-beans-3.2.xsd, http://www.springframework.org/schema/tx/spring-tx-2.0.xsd=org/springframework/transaction/config/spring-tx-2.0.xsd, http://www.springframework.org/schema/aop/spring-aop-3.1.xsd=org/springframework/aop/config/spring-aop-3.1.xsd, http://www.springframework.org/schema/task/spring-task-3.2.xsd=org/springframework/scheduling/config/spring-task-3.2.xsd, http://www.springframework.org/schema/tx/spring-tx-3.0.xsd=org/springframework/transaction/config/spring-tx-3.0.xsd, http://www.springframework.org/schema/context/spring-context-3.0.xsd=org/springframework/context/config/spring-context-3.0.xsd, http://www.springframework.org/schema/tool/spring-tool.xsd=org/springframework/beans/factory/xml/spring-tool-3.2.xsd, http://www.springframework.org/schema/util/spring-util-3.0.xsd=org/springframework/beans/factory/xml/spring-util-3.0.xsd, http://www.springframework.org/schema/lang/spring-lang-3.0.xsd=org/springframework/scripting/config/spring-lang-3.0.xsd, http://www.springframework.org/schema/util/spring-util-2.0.xsd=org/springframework/beans/factory/xml/spring-util-2.0.xsd, http://www.springframework.org/schema/lang/spring-lang-2.0.xsd=org/springframework/scripting/config/spring-lang-2.0.xsd, http://www.springframework.org/schema/jdbc/spring-jdbc-3.2.xsd=org/springframework/jdbc/config/spring-jdbc-3.2.xsd, http://www.springframework.org/schema/tool/spring-tool-3.2.xsd=org/springframework/beans/factory/xml/spring-tool-3.2.xsd, http://www.springframework.org/schema/beans/spring-beans-2.5.xsd=org/springframework/beans/factory/xml/spring-beans-2.5.xsd}
  2017-01-06 23:31:41  [ main:506 ] - [ DEBUG ]  Found XML schema [http://www.springframework.org/schema/beans/spring-beans-3.0.xsd] in classpath: org/springframework/beans/factory/xml/spring-beans-3.0.xsd
  2017-01-06 23:31:42  [ main:591 ] - [ DEBUG ]  Found XML schema [http://www.springframework.org/schema/context/spring-context-3.0.xsd] in classpath: org/springframework/context/config/spring-context-3.0.xsd
  2017-01-06 23:31:42  [ main:606 ] - [ DEBUG ]  Found XML schema [http://www.springframework.org/schema/tool/spring-tool-3.0.xsd] in classpath: org/springframework/beans/factory/xml/spring-tool-3.0.xsd
  2017-01-06 23:31:42  [ main:623 ] - [ DEBUG ]  Loading bean definitions
  2017-01-06 23:31:42  [ main:660 ] - [ DEBUG ]  Neither XML 'id' nor 'name' specified - using generated bean name [org.mybatis.spring.mapper.MapperScannerConfigurer#0]
  2017-01-06 23:31:42  [ main:666 ] - [ DEBUG ]  Loaded NamespaceHandler mappings: {http://www.springframework.org/schema/p=org.springframework.beans.factory.xml.SimplePropertyNamespaceHandler, http://www.springframework.org/schema/mvc=org.springframework.web.servlet.config.MvcNamespaceHandler, http://www.springframework.org/schema/util=org.springframework.beans.factory.xml.UtilNamespaceHandler, http://www.springframework.org/schema/jee=org.springframework.ejb.config.JeeNamespaceHandler, http://www.springframework.org/schema/aop=org.springframework.aop.config.AopNamespaceHandler, http://www.springframework.org/schema/jdbc=org.springframework.jdbc.config.JdbcNamespaceHandler, http://www.springframework.org/schema/cache=org.springframework.cache.config.CacheNamespaceHandler, http://mybatis.org/schema/mybatis-spring=org.mybatis.spring.config.NamespaceHandler, http://www.springframework.org/schema/c=org.springframework.beans.factory.xml.SimpleConstructorNamespaceHandler, http://www.springframework.org/schema/tx=org.springframework.transaction.config.TxNamespaceHandler, http://www.springframework.org/schema/task=org.springframework.scheduling.config.TaskNamespaceHandler, http://www.springframework.org/schema/lang=org.springframework.scripting.config.LangNamespaceHandler, http://www.springframework.org/schema/context=org.springframework.context.config.ContextNamespaceHandler}
  2017-01-06 23:31:42  [ main:705 ] - [ DEBUG ]  Looking for matching resources in directory tree [D:\JavaWorkSpace\ssm_project\target\test-classes\com\alex\service]
  2017-01-06 23:31:42  [ main:706 ] - [ DEBUG ]  Searching directory [D:\JavaWorkSpace\ssm_project\target\test-classes\com\alex\service] for files matching pattern [D:/JavaWorkSpace/ssm_project/target/test-classes/com/alex/service/**/*.class]
  2017-01-06 23:31:42  [ main:712 ] - [ DEBUG ]  Looking for matching resources in directory tree [D:\JavaWorkSpace\ssm_project\target\classes\com\alex\service]
  2017-01-06 23:31:42  [ main:712 ] - [ DEBUG ]  Searching directory [D:\JavaWorkSpace\ssm_project\target\classes\com\alex\service] for files matching pattern [D:/JavaWorkSpace/ssm_project/target/classes/com/alex/service/**/*.class]
  2017-01-06 23:31:42  [ main:714 ] - [ DEBUG ]  Resolved location pattern [classpath*:com/alex/service/**/*.class] to resources [file [D:\JavaWorkSpace\ssm_project\target\test-classes\com\alex\service\UserServiceTest.class], file [D:\JavaWorkSpace\ssm_project\target\classes\com\alex\service\UserService.class], file [D:\JavaWorkSpace\ssm_project\target\classes\com\alex\service\UserServiceImpl.class]]
  2017-01-06 23:31:42  [ main:754 ] - [ DEBUG ]  Identified candidate component class: file [D:\JavaWorkSpace\ssm_project\target\classes\com\alex\service\UserServiceImpl.class]
  2017-01-06 23:31:42  [ main:777 ] - [ DEBUG ]  Loaded 9 bean definitions from location pattern [classpath:application.xml]
  2017-01-06 23:31:42  [ main:784 ] - [ INFO ]  Refreshing org.springframework.context.support.GenericApplicationContext@dd3b207: startup date [Fri Jan 06 23:31:42 CST 2017]; root of context hierarchy
  2017-01-06 23:31:42  [ main:784 ] - [ DEBUG ]  Bean factory for org.springframework.context.support.GenericApplicationContext@dd3b207: org.springframework.beans.factory.support.DefaultListableBeanFactory@37654521: defining beans [propertyConfigurer,dataSource,org.mybatis.spring.mapper.MapperScannerConfigurer#0,sqlSessionFactory,userServiceImpl,org.springframework.context.annotation.internalConfigurationAnnotationProcessor,org.springframework.context.annotation.internalAutowiredAnnotationProcessor,org.springframework.context.annotation.internalRequiredAnnotationProcessor,org.springframework.context.annotation.internalCommonAnnotationProcessor]; root of factory hierarchy
  2017-01-06 23:31:42  [ main:816 ] - [ DEBUG ]  Creating shared instance of singleton bean 'org.mybatis.spring.mapper.MapperScannerConfigurer#0'
  2017-01-06 23:31:42  [ main:816 ] - [ DEBUG ]  Creating instance of bean 'org.mybatis.spring.mapper.MapperScannerConfigurer#0'
  2017-01-06 23:31:42  [ main:843 ] - [ DEBUG ]  Eagerly caching bean 'org.mybatis.spring.mapper.MapperScannerConfigurer#0' to allow for resolving potential circular references
  2017-01-06 23:31:42  [ main:905 ] - [ DEBUG ]  Invoking afterPropertiesSet() on bean with name 'org.mybatis.spring.mapper.MapperScannerConfigurer#0'
  2017-01-06 23:31:42  [ main:907 ] - [ DEBUG ]  Finished creating instance of bean 'org.mybatis.spring.mapper.MapperScannerConfigurer#0'
  2017-01-06 23:31:42  [ main:908 ] - [ DEBUG ]  Creating shared instance of singleton bean 'org.springframework.context.annotation.internalConfigurationAnnotationProcessor'
  2017-01-06 23:31:42  [ main:908 ] - [ DEBUG ]  Creating instance of bean 'org.springframework.context.annotation.internalConfigurationAnnotationProcessor'
  2017-01-06 23:31:42  [ main:911 ] - [ DEBUG ]  Eagerly caching bean 'org.springframework.context.annotation.internalConfigurationAnnotationProcessor' to allow for resolving potential circular references
  2017-01-06 23:31:42  [ main:915 ] - [ DEBUG ]  Finished creating instance of bean 'org.springframework.context.annotation.internalConfigurationAnnotationProcessor'
  2017-01-06 23:31:42  [ main:957 ] - [ DEBUG ]  Adding [systemProperties] PropertySource with lowest search precedence
  2017-01-06 23:31:42  [ main:957 ] - [ DEBUG ]  Adding [systemEnvironment] PropertySource with lowest search precedence
  2017-01-06 23:31:42  [ main:958 ] - [ DEBUG ]  Initialized StandardEnvironment with PropertySources [systemProperties,systemEnvironment]
  2017-01-06 23:31:42  [ main:962 ] - [ DEBUG ]  Looking for matching resources in directory tree [D:\JavaWorkSpace\ssm_project\target\classes\com\alex\dao]
  2017-01-06 23:31:42  [ main:963 ] - [ DEBUG ]  Searching directory [D:\JavaWorkSpace\ssm_project\target\classes\com\alex\dao] for files matching pattern [D:/JavaWorkSpace/ssm_project/target/classes/com/alex/dao/**/*.class]
  2017-01-06 23:31:42  [ main:964 ] - [ DEBUG ]  Resolved location pattern [classpath*:com/alex/dao/**/*.class] to resources [file [D:\JavaWorkSpace\ssm_project\target\classes\com\alex\dao\UserDao.class]]
  2017-01-06 23:31:42  [ main:964 ] - [ DEBUG ]  Identified candidate component class: file [D:\JavaWorkSpace\ssm_project\target\classes\com\alex\dao\UserDao.class]
  2017-01-06 23:31:42  [ main:965 ] - [ DEBUG ]  Creating MapperFactoryBean with name 'userDao' and 'com.alex.dao.UserDao' mapperInterface
  2017-01-06 23:31:42  [ main:969 ] - [ DEBUG ]  Enabling autowire by type for MapperFactoryBean with name 'userDao'.
  2017-01-06 23:31:42  [ main:971 ] - [ DEBUG ]  Creating shared instance of singleton bean 'propertyConfigurer'
  2017-01-06 23:31:42  [ main:971 ] - [ DEBUG ]  Creating instance of bean 'propertyConfigurer'
  2017-01-06 23:31:42  [ main:975 ] - [ DEBUG ]  Eagerly caching bean 'propertyConfigurer' to allow for resolving potential circular references
  2017-01-06 23:31:42  [ main:996 ] - [ DEBUG ]  Looking for matching resources in directory tree [D:\JavaWorkSpace\ssm_project\target\classes\properties]
  2017-01-06 23:31:42  [ main:997 ] - [ DEBUG ]  Searching directory [D:\JavaWorkSpace\ssm_project\target\classes\properties] for files matching pattern [D:/JavaWorkSpace/ssm_project/target/classes/properties/*.properties]
  2017-01-06 23:31:42  [ main:998 ] - [ DEBUG ]  Resolved location pattern [classpath:properties/*.properties] to resources [file [D:\JavaWorkSpace\ssm_project\target\classes\properties\jdbc.properties]]
  2017-01-06 23:31:42  [ main:998 ] - [ DEBUG ]  Finished creating instance of bean 'propertyConfigurer'
  2017-01-06 23:31:42  [ main:998 ] - [ INFO ]  Loading properties file from file [D:\JavaWorkSpace\ssm_project\target\classes\properties\jdbc.properties]
  2017-01-06 23:31:42  [ main:1008 ] - [ DEBUG ]  Creating shared instance of singleton bean 'org.springframework.context.annotation.internalAutowiredAnnotationProcessor'
  2017-01-06 23:31:42  [ main:1008 ] - [ DEBUG ]  Creating instance of bean 'org.springframework.context.annotation.internalAutowiredAnnotationProcessor'
  2017-01-06 23:31:42  [ main:1009 ] - [ DEBUG ]  Eagerly caching bean 'org.springframework.context.annotation.internalAutowiredAnnotationProcessor' to allow for resolving potential circular references
  2017-01-06 23:31:42  [ main:1010 ] - [ DEBUG ]  Finished creating instance of bean 'org.springframework.context.annotation.internalAutowiredAnnotationProcessor'
  2017-01-06 23:31:42  [ main:1010 ] - [ DEBUG ]  Creating shared instance of singleton bean 'org.springframework.context.annotation.internalRequiredAnnotationProcessor'
  2017-01-06 23:31:42  [ main:1010 ] - [ DEBUG ]  Creating instance of bean 'org.springframework.context.annotation.internalRequiredAnnotationProcessor'
  2017-01-06 23:31:42  [ main:1011 ] - [ DEBUG ]  Eagerly caching bean 'org.springframework.context.annotation.internalRequiredAnnotationProcessor' to allow for resolving potential circular references
  2017-01-06 23:31:42  [ main:1011 ] - [ DEBUG ]  Finished creating instance of bean 'org.springframework.context.annotation.internalRequiredAnnotationProcessor'
  2017-01-06 23:31:42  [ main:1011 ] - [ DEBUG ]  Creating shared instance of singleton bean 'org.springframework.context.annotation.internalCommonAnnotationProcessor'
  2017-01-06 23:31:42  [ main:1012 ] - [ DEBUG ]  Creating instance of bean 'org.springframework.context.annotation.internalCommonAnnotationProcessor'
  2017-01-06 23:31:42  [ main:1036 ] - [ DEBUG ]  Eagerly caching bean 'org.springframework.context.annotation.internalCommonAnnotationProcessor' to allow for resolving potential circular references
  2017-01-06 23:31:42  [ main:1037 ] - [ DEBUG ]  Finished creating instance of bean 'org.springframework.context.annotation.internalCommonAnnotationProcessor'
  2017-01-06 23:31:42  [ main:1037 ] - [ DEBUG ]  Creating shared instance of singleton bean 'org.springframework.context.annotation.ConfigurationClassPostProcessor.importAwareProcessor'
  2017-01-06 23:31:42  [ main:1037 ] - [ DEBUG ]  Creating instance of bean 'org.springframework.context.annotation.ConfigurationClassPostProcessor.importAwareProcessor'
  2017-01-06 23:31:42  [ main:1038 ] - [ DEBUG ]  Eagerly caching bean 'org.springframework.context.annotation.ConfigurationClassPostProcessor.importAwareProcessor' to allow for resolving potential circular references
  2017-01-06 23:31:42  [ main:1038 ] - [ DEBUG ]  Finished creating instance of bean 'org.springframework.context.annotation.ConfigurationClassPostProcessor.importAwareProcessor'
  2017-01-06 23:31:42  [ main:1043 ] - [ DEBUG ]  Unable to locate MessageSource with name 'messageSource': using default [org.springframework.context.support.DelegatingMessageSource@6736fa8d]
  2017-01-06 23:31:42  [ main:1048 ] - [ DEBUG ]  Unable to locate ApplicationEventMulticaster with name 'applicationEventMulticaster': using default [org.springframework.context.event.SimpleApplicationEventMulticaster@4ef782af]
  2017-01-06 23:31:42  [ main:1051 ] - [ INFO ]  Pre-instantiating singletons in org.springframework.beans.factory.support.DefaultListableBeanFactory@37654521: defining beans [propertyConfigurer,dataSource,org.mybatis.spring.mapper.MapperScannerConfigurer#0,sqlSessionFactory,userServiceImpl,org.springframework.context.annotation.internalConfigurationAnnotationProcessor,org.springframework.context.annotation.internalAutowiredAnnotationProcessor,org.springframework.context.annotation.internalRequiredAnnotationProcessor,org.springframework.context.annotation.internalCommonAnnotationProcessor,org.springframework.context.annotation.ConfigurationClassPostProcessor.importAwareProcessor,userDao]; root of factory hierarchy
  2017-01-06 23:31:42  [ main:1052 ] - [ DEBUG ]  Returning cached instance of singleton bean 'propertyConfigurer'
  2017-01-06 23:31:42  [ main:1052 ] - [ DEBUG ]  Creating shared instance of singleton bean 'dataSource'
  2017-01-06 23:31:42  [ main:1052 ] - [ DEBUG ]  Creating instance of bean 'dataSource'
  2017-01-06 23:31:42  [ main:1058 ] - [ DEBUG ]  Eagerly caching bean 'dataSource' to allow for resolving potential circular references
  2017-01-06 23:31:42  [ main:1094 ] - [ INFO ]  Loaded JDBC driver: com.mysql.jdbc.Driver
  2017-01-06 23:31:42  [ main:1096 ] - [ DEBUG ]  Finished creating instance of bean 'dataSource'
  2017-01-06 23:31:42  [ main:1097 ] - [ DEBUG ]  Returning cached instance of singleton bean 'org.mybatis.spring.mapper.MapperScannerConfigurer#0'
  2017-01-06 23:31:42  [ main:1098 ] - [ DEBUG ]  Creating shared instance of singleton bean 'sqlSessionFactory'
  2017-01-06 23:31:42  [ main:1098 ] - [ DEBUG ]  Creating instance of bean 'sqlSessionFactory'
  2017-01-06 23:31:42  [ main:1116 ] - [ DEBUG ]  Logging initialized using 'class org.apache.ibatis.logging.slf4j.Slf4jImpl' adapter.
  2017-01-06 23:31:42  [ main:1142 ] - [ DEBUG ]  Eagerly caching bean 'sqlSessionFactory' to allow for resolving potential circular references
  2017-01-06 23:31:42  [ main:1154 ] - [ DEBUG ]  Returning cached instance of singleton bean 'dataSource'
  2017-01-06 23:31:42  [ main:1156 ] - [ DEBUG ]  Looking for matching resources in directory tree [D:\JavaWorkSpace\ssm_project\target\classes\com\alex\mapper]
  2017-01-06 23:31:42  [ main:1156 ] - [ DEBUG ]  Searching directory [D:\JavaWorkSpace\ssm_project\target\classes\com\alex\mapper] for files matching pattern [D:/JavaWorkSpace/ssm_project/target/classes/com/alex/mapper/**/*.xml]
  2017-01-06 23:31:42  [ main:1157 ] - [ DEBUG ]  Resolved location pattern [classpath*:com/alex/mapper/**/*.xml] to resources [file [D:\JavaWorkSpace\ssm_project\target\classes\com\alex\mapper\UserMapper.xml]]
  2017-01-06 23:31:42  [ main:1159 ] - [ DEBUG ]  Invoking afterPropertiesSet() on bean with name 'sqlSessionFactory'
  2017-01-06 23:31:42  [ main:1308 ] - [ DEBUG ]  Parsed configuration file: 'class path resource [mybatis/mybatis-config.xml]'
  2017-01-06 23:31:42  [ main:1311 ] - [ DEBUG ]  Creating new JDBC DriverManager Connection to [jdbc:mysql://localhost:3306/test?useUnicode=true&characterEncoding=UTF-8]
  2017-01-06 23:31:43  [ main:1853 ] - [ DEBUG ]  Parsed mapper file: 'file [D:\JavaWorkSpace\ssm_project\target\classes\com\alex\mapper\UserMapper.xml]'
  2017-01-06 23:31:43  [ main:1855 ] - [ DEBUG ]  Finished creating instance of bean 'sqlSessionFactory'
  2017-01-06 23:31:43  [ main:1856 ] - [ DEBUG ]  Creating shared instance of singleton bean 'userServiceImpl'
  2017-01-06 23:31:43  [ main:1856 ] - [ DEBUG ]  Creating instance of bean 'userServiceImpl'
  2017-01-06 23:31:43  [ main:1859 ] - [ DEBUG ]  Registered injected element on class [com.alex.service.UserServiceImpl]: AutowiredFieldElement for private com.alex.dao.UserDao com.alex.service.UserServiceImpl.userDao
  2017-01-06 23:31:43  [ main:1860 ] - [ DEBUG ]  Eagerly caching bean 'userServiceImpl' to allow for resolving potential circular references
  2017-01-06 23:31:43  [ main:1862 ] - [ DEBUG ]  Processing injected method of bean 'userServiceImpl': AutowiredFieldElement for private com.alex.dao.UserDao com.alex.service.UserServiceImpl.userDao
  2017-01-06 23:31:43  [ main:1866 ] - [ DEBUG ]  Creating shared instance of singleton bean 'userDao'
  2017-01-06 23:31:43  [ main:1866 ] - [ DEBUG ]  Creating instance of bean 'userDao'
  2017-01-06 23:31:43  [ main:1867 ] - [ DEBUG ]  Eagerly caching bean 'userDao' to allow for resolving potential circular references
  2017-01-06 23:31:43  [ main:1877 ] - [ DEBUG ]  Returning eagerly cached instance of singleton bean 'userDao' that is not fully initialized yet - a consequence of a circular reference
  2017-01-06 23:31:43  [ main:1878 ] - [ DEBUG ]  Returning cached instance of singleton bean 'sqlSessionFactory'
  2017-01-06 23:31:43  [ main:1878 ] - [ DEBUG ]  Autowiring by type from bean name 'userDao' via property 'sqlSessionFactory' to bean named 'sqlSessionFactory'
  2017-01-06 23:31:43  [ main:1891 ] - [ DEBUG ]  Invoking afterPropertiesSet() on bean with name 'userDao'
  2017-01-06 23:31:43  [ main:1892 ] - [ DEBUG ]  Finished creating instance of bean 'userDao'
  2017-01-06 23:31:43  [ main:1892 ] - [ DEBUG ]  Returning cached instance of singleton bean 'userDao'
  2017-01-06 23:31:43  [ main:1896 ] - [ DEBUG ]  Autowiring by type from bean name 'userServiceImpl' to bean named 'userDao'
  2017-01-06 23:31:43  [ main:1897 ] - [ DEBUG ]  Finished creating instance of bean 'userServiceImpl'
  2017-01-06 23:31:43  [ main:1897 ] - [ DEBUG ]  Returning cached instance of singleton bean 'org.springframework.context.annotation.internalConfigurationAnnotationProcessor'
  2017-01-06 23:31:43  [ main:1897 ] - [ DEBUG ]  Returning cached instance of singleton bean 'org.springframework.context.annotation.internalAutowiredAnnotationProcessor'
  2017-01-06 23:31:43  [ main:1897 ] - [ DEBUG ]  Returning cached instance of singleton bean 'org.springframework.context.annotation.internalRequiredAnnotationProcessor'
  2017-01-06 23:31:43  [ main:1897 ] - [ DEBUG ]  Returning cached instance of singleton bean 'org.springframework.context.annotation.internalCommonAnnotationProcessor'
  2017-01-06 23:31:43  [ main:1897 ] - [ DEBUG ]  Returning cached instance of singleton bean 'org.springframework.context.annotation.ConfigurationClassPostProcessor.importAwareProcessor'
  2017-01-06 23:31:43  [ main:1897 ] - [ DEBUG ]  Returning cached instance of singleton bean 'userDao'
  2017-01-06 23:31:43  [ main:1901 ] - [ DEBUG ]  Unable to locate LifecycleProcessor with name 'lifecycleProcessor': using default [org.springframework.context.support.DefaultLifecycleProcessor@35a9782c]
  2017-01-06 23:31:43  [ main:1902 ] - [ DEBUG ]  Returning cached instance of singleton bean 'lifecycleProcessor'
  2017-01-06 23:31:43  [ main:1907 ] - [ DEBUG ]  Returning cached instance of singleton bean 'sqlSessionFactory'
  2017-01-06 23:31:43  [ main:1910 ] - [ DEBUG ]  Searching for key 'spring.liveBeansView.mbeanDomain' in [systemProperties]
  2017-01-06 23:31:43  [ main:1910 ] - [ DEBUG ]  Searching for key 'spring.liveBeansView.mbeanDomain' in [systemEnvironment]
  2017-01-06 23:31:43  [ main:1911 ] - [ DEBUG ]  Could not find key 'spring.liveBeansView.mbeanDomain' in any property source. Returning [null]
  2017-01-06 23:31:43  [ main:1913 ] - [ DEBUG ]  Storing ApplicationContext in cache under key [[MergedContextConfiguration@45afc369 testClass = UserServiceTest, locations = '{classpath:application.xml}', classes = '{}', contextInitializerClasses = '[]', activeProfiles = '{}', contextLoader = 'org.springframework.test.context.support.DelegatingSmartContextLoader', parent = [null]]].
  2017-01-06 23:31:43  [ main:1923 ] - [ DEBUG ]  Processing injected method of bean 'com.alex.service.UserServiceTest': AutowiredFieldElement for private com.alex.service.UserService com.alex.service.UserServiceTest.userService
  2017-01-06 23:31:43  [ main:1924 ] - [ DEBUG ]  Returning cached instance of singleton bean 'userServiceImpl'
  2017-01-06 23:31:43  [ main:1924 ] - [ DEBUG ]  Autowiring by type from bean name 'com.alex.service.UserServiceTest' to bean named 'userServiceImpl'
  2017-01-06 23:31:43  [ main:1939 ] - [ DEBUG ]  Creating a new SqlSession
  2017-01-06 23:31:43  [ main:1951 ] - [ DEBUG ]  SqlSession [org.apache.ibatis.session.defaults.DefaultSqlSession@3d9f6567] was not registered for synchronization because synchronization is not active
  2017-01-06 23:31:43  [ main:2025 ] - [ DEBUG ]  Fetching JDBC Connection from DataSource
  2017-01-06 23:31:43  [ main:2025 ] - [ DEBUG ]  Creating new JDBC DriverManager Connection to [jdbc:mysql://localhost:3306/test?useUnicode=true&characterEncoding=UTF-8]
  2017-01-06 23:31:43  [ main:2046 ] - [ DEBUG ]  JDBC Connection [com.mysql.jdbc.JDBC4Connection@3542162a] will not be managed by Spring
  2017-01-06 23:31:43  [ main:2049 ] - [ DEBUG ]  ooo Using Connection [com.mysql.jdbc.JDBC4Connection@3542162a]
  2017-01-06 23:31:43  [ main:2060 ] - [ DEBUG ]  ==>  Preparing: SELECT * FROM t_user WHERE USER_ID = ? 
  2017-01-06 23:31:43  [ main:2114 ] - [ DEBUG ]  ==> Parameters: 10(Integer)
  2017-01-06 23:31:43  [ main:2151 ] - [ DEBUG ]  Closing non transactional SqlSession [org.apache.ibatis.session.defaults.DefaultSqlSession@3d9f6567]
  2017-01-06 23:31:43  [ main:2151 ] - [ DEBUG ]  Returning JDBC Connection to DataSource
  2017-01-06 23:31:43  [ main:2153 ] - [ DEBUG ]  ≤È’“Ω·π˚User [userId=10, userName=apple, userPassword=uih6, userEmail=ff@qq.com]
  2017-01-06 23:31:43  [ main:2154 ] - [ DEBUG ]  After test method: context [[TestContext@5cdd8682 testClass = UserServiceTest, testInstance = com.alex.service.UserServiceTest@d6da883, testMethod = selectUserByIdTest@UserServiceTest, testException = [null], mergedContextConfiguration = [MergedContextConfiguration@45afc369 testClass = UserServiceTest, locations = '{classpath:application.xml}', classes = '{}', contextInitializerClasses = '[]', activeProfiles = '{}', contextLoader = 'org.springframework.test.context.support.DelegatingSmartContextLoader', parent = [null]]]], class dirties context [false], class mode [null], method dirties context [false].
  2017-01-06 23:31:43  [ main:2156 ] - [ DEBUG ]  After test class: context [[TestContext@5cdd8682 testClass = UserServiceTest, testInstance = [null], testMethod = [null], testException = [null], mergedContextConfiguration = [MergedContextConfiguration@45afc369 testClass = UserServiceTest, locations = '{classpath:application.xml}', classes = '{}', contextInitializerClasses = '[]', activeProfiles = '{}', contextLoader = 'org.springframework.test.context.support.DelegatingSmartContextLoader', parent = [null]]]], dirtiesContext [false].
  2017-01-06 23:31:43  [ Thread-0:2161 ] - [ INFO ]  Closing org.springframework.context.support.GenericApplicationContext@dd3b207: startup date [Fri Jan 06 23:31:42 CST 2017]; root of context hierarchy
  2017-01-06 23:31:43  [ Thread-0:2161 ] - [ DEBUG ]  Returning cached instance of singleton bean 'sqlSessionFactory'
  2017-01-06 23:31:43  [ Thread-0:2162 ] - [ DEBUG ]  Returning cached instance of singleton bean 'lifecycleProcessor'
  2017-01-06 23:31:43  [ Thread-0:2162 ] - [ INFO ]  Destroying singletons in org.springframework.beans.factory.support.DefaultListableBeanFactory@37654521: defining beans [propertyConfigurer,dataSource,org.mybatis.spring.mapper.MapperScannerConfigurer#0,sqlSessionFactory,userServiceImpl,org.springframework.context.annotation.internalConfigurationAnnotationProcessor,org.springframework.context.annotation.internalAutowiredAnnotationProcessor,org.springframework.context.annotation.internalRequiredAnnotationProcessor,org.springframework.context.annotation.internalCommonAnnotationProcessor,org.springframework.context.annotation.ConfigurationClassPostProcessor.importAwareProcessor,userDao]; root of factory hierarchy
  2017-01-06 23:31:43  [ Thread-0:2164 ] - [ DEBUG ]  Retrieved dependent beans for bean 'userServiceImpl': [com.alex.service.UserServiceTest]
  